\BOOKMARK [0][-]{chapter.1}{Introduction}{}% 1
\BOOKMARK [0][-]{chapter.2}{Worked Example with Distance Sampling}{}% 2
\BOOKMARK [1][-]{section.2.1}{Introduction}{chapter.2}% 3
\BOOKMARK [1][-]{section.2.2}{Two-Stage Modelling of Distance Sampling Data}{chapter.2}% 4
\BOOKMARK [2][-]{subsection.2.2.1}{A brief introduction}{section.2.2}% 5
\BOOKMARK [1][-]{section.2.3}{Preparing to conduct an analysis with MRSea}{chapter.2}% 6
\BOOKMARK [1][-]{section.2.4}{Data Requirements}{chapter.2}% 7
\BOOKMARK [2][-]{subsection.2.4.1}{Data requirements: columns}{section.2.4}% 8
\BOOKMARK [2][-]{subsection.2.4.2}{Data Requirements: rows}{section.2.4}% 9
\BOOKMARK [1][-]{section.2.5}{Distance Analysis}{chapter.2}% 10
\BOOKMARK [2][-]{subsection.2.5.1}{Fitting detection functions}{section.2.5}% 11
\BOOKMARK [2][-]{subsection.2.5.2}{Model Selection}{section.2.5}% 12
\BOOKMARK [2][-]{subsection.2.5.3}{Goodness of fit}{section.2.5}% 13
\BOOKMARK [2][-]{subsection.2.5.4}{Adjusting counts for imperfect detection}{section.2.5}% 14
\BOOKMARK [2][-]{subsection.2.5.5}{Creating Count Data from Distance Data}{section.2.5}% 15
\BOOKMARK [1][-]{section.2.6}{Introduction to Spatial Modelling}{chapter.2}% 16
\BOOKMARK [1][-]{section.2.7}{Loading the Data}{chapter.2}% 17
\BOOKMARK [2][-]{subsection.2.7.1}{Exploratory Data Analysis \(EDA\)}{section.2.7}% 18
\BOOKMARK [2][-]{subsection.2.7.2}{Checking for Collinearity}{section.2.7}% 19
\BOOKMARK [1][-]{section.2.8}{Fitting a Model}{chapter.2}% 20
\BOOKMARK [2][-]{subsection.2.8.1}{Fitting a Smooth Term}{section.2.8}% 21
\BOOKMARK [2][-]{subsection.2.8.2}{Checking for Correlation}{section.2.8}% 22
\BOOKMARK [2][-]{subsection.2.8.3}{Model Selection}{section.2.8}% 23
\BOOKMARK [2][-]{subsection.2.8.4}{Checking p-values}{section.2.8}% 24
\BOOKMARK [2][-]{subsection.2.8.5}{Assessing covariate relationships}{section.2.8}% 25
\BOOKMARK [1][-]{section.2.9}{Diagnostics}{chapter.2}% 26
\BOOKMARK [2][-]{subsection.2.9.1}{Cumulative Residuals and runs profiles}{section.2.9}% 27
\BOOKMARK [2][-]{subsection.2.9.2}{COVRATIO and PRESS statistics}{section.2.9}% 28
\BOOKMARK [2][-]{subsection.2.9.3}{Raw Residuals}{section.2.9}% 29
\BOOKMARK [1][-]{section.2.10}{Prediction and Inference}{chapter.2}% 30
\BOOKMARK [2][-]{subsection.2.10.1}{Data requirements for predicting}{section.2.10}% 31
\BOOKMARK [2][-]{subsection.2.10.2}{Making predictions}{section.2.10}% 32
\BOOKMARK [2][-]{subsection.2.10.3}{Visualising the redistribution using predictions}{section.2.10}% 33
\BOOKMARK [1][-]{section.2.11}{Bootstrap Confidence Intervals}{chapter.2}% 34
\BOOKMARK [2][-]{subsection.2.11.1}{Visualising Bootstrap Confidence Intervals}{section.2.11}% 35
\BOOKMARK [1][-]{section.2.12}{Identifying Differences}{chapter.2}% 36
\BOOKMARK [2][-]{subsection.2.12.1}{Visualising differences}{section.2.12}% 37
\BOOKMARK [1][-]{section.2.13}{Comparison to the Truth}{chapter.2}% 38
\BOOKMARK [2][-]{subsection.2.13.1}{Detection function}{section.2.13}% 39
\BOOKMARK [2][-]{subsection.2.13.2}{Overdispersion and correlation}{section.2.13}% 40
\BOOKMARK [2][-]{subsection.2.13.3}{Type of impact}{section.2.13}% 41
\BOOKMARK [0][-]{chapter.3}{Worked Example without Distance Sampling}{}% 42
\BOOKMARK [1][-]{section.3.1}{Introduction}{chapter.3}% 43
\BOOKMARK [1][-]{section.3.2}{Preparing to conduct an analysis with MRSea}{chapter.3}% 44
\BOOKMARK [1][-]{section.3.3}{Loading the Data}{chapter.3}% 45
\BOOKMARK [2][-]{subsection.3.3.1}{Data Requirements}{section.3.3}% 46
\BOOKMARK [2][-]{subsection.3.3.2}{Exploratory Data Analysis \(EDA\)}{section.3.3}% 47
\BOOKMARK [2][-]{subsection.3.3.3}{Checking for Collinearity}{section.3.3}% 48
\BOOKMARK [1][-]{section.3.4}{Fitting a Model}{chapter.3}% 49
\BOOKMARK [2][-]{subsection.3.4.1}{Fitting a Smooth Term}{section.3.4}% 50
\BOOKMARK [2][-]{subsection.3.4.2}{Checking for Correlation}{section.3.4}% 51
\BOOKMARK [2][-]{subsection.3.4.3}{Model Selection}{section.3.4}% 52
\BOOKMARK [2][-]{subsection.3.4.4}{Checking p-values}{section.3.4}% 53
\BOOKMARK [2][-]{subsection.3.4.5}{Assessing covariate relationships}{section.3.4}% 54
\BOOKMARK [1][-]{section.3.5}{Diagnostics}{chapter.3}% 55
\BOOKMARK [2][-]{subsection.3.5.1}{Cumulative Residuals and runs profiles}{section.3.5}% 56
\BOOKMARK [2][-]{subsection.3.5.2}{COVRATIO and PRESS statistics}{section.3.5}% 57
\BOOKMARK [2][-]{subsection.3.5.3}{Raw Residuals}{section.3.5}% 58
\BOOKMARK [1][-]{section.3.6}{Prediction and Inference}{chapter.3}% 59
\BOOKMARK [2][-]{subsection.3.6.1}{Data requirements for predicting}{section.3.6}% 60
\BOOKMARK [2][-]{subsection.3.6.2}{Making predictions}{section.3.6}% 61
\BOOKMARK [2][-]{subsection.3.6.3}{Visualising the redistribution using predictions}{section.3.6}% 62
\BOOKMARK [1][-]{section.3.7}{Bootstrap confidence intervals}{chapter.3}% 63
\BOOKMARK [2][-]{subsection.3.7.1}{Visualising bootstrap confidence intervals}{section.3.7}% 64
\BOOKMARK [1][-]{section.3.8}{Identifying differences}{chapter.3}% 65
\BOOKMARK [2][-]{subsection.3.8.1}{Visualising significant differences}{section.3.8}% 66
\BOOKMARK [1][-]{section.3.9}{Comparison to the Truth}{chapter.3}% 67
\BOOKMARK [2][-]{subsection.3.9.1}{Overdispersion and correlation}{section.3.9}% 68
\BOOKMARK [2][-]{subsection.3.9.2}{Type of impact}{section.3.9}% 69
\BOOKMARK [0][-]{chapter.4}{Tips and Tricks for analyses in R related to the MRSea Package}{}% 70
\BOOKMARK [1][-]{section.4.1}{Distance Tips and Tricks}{chapter.4}% 71
\BOOKMARK [2][-]{subsection.4.1.1}{Analysing binned distance data}{section.4.1}% 72
\BOOKMARK [2][-]{subsection.4.1.2}{Plotting side by side detection function plots for different factor covariate levels}{section.4.1}% 73
\BOOKMARK [1][-]{section.4.2}{Spatial Modelling Tips and Tricks}{chapter.4}% 74
\BOOKMARK [2][-]{subsection.4.2.1}{General}{section.4.2}% 75
\BOOKMARK [2][-]{subsection.4.2.2}{SALSA}{section.4.2}% 76
\BOOKMARK [2][-]{subsection.4.2.3}{SALSA1D with more than one smooth covariate}{section.4.2}% 77
\BOOKMARK [2][-]{subsection.4.2.4}{Bootstrapping}{section.4.2}% 78
