* using log directory ‘/Users/Lindesay/Dropbox/Research/MarineScotland_LSH/MRSea package/MRSea.Rcheck’
* using R version 3.1.1 (2014-07-10)
* using platform: x86_64-apple-darwin13.1.0 (64-bit)
* using session charset: UTF-8
* checking for file ‘MRSea/DESCRIPTION’ ... OK
* this is package ‘MRSea’ version ‘0.1.4’
* checking package namespace information ... OK
* checking package dependencies ... NOTE
Depends: includes the non-default packages:
  ‘calibrate’ ‘car’ ‘fields’ ‘geepack’ ‘ggplot2’ ‘lawstat’ ‘Matrix’
  ‘mrds’ ‘mvtnorm’ ‘splines’
Adding so many packages to the search path is excessive and importing
selectively is preferable.
* checking if this is a source package ... OK
* checking if there is a namespace ... OK
* checking for executable files ... OK
* checking for hidden files and directories ... NOTE
Found the following hidden files and directories:
  .Rhistory
  R/.Rhistory
  data/.Rhistory
These were most likely included in error. See section ‘Package
structure’ in the ‘Writing R Extensions’ manual.
* checking for portable file names ... OK
* checking for sufficient/correct file permissions ... OK
* checking whether package ‘MRSea’ can be installed ... OK
* checking installed package size ... OK
* checking package directory ... OK
* checking DESCRIPTION meta-information ... OK
* checking top-level files ... OK
* checking for left-over files ... OK
* checking index information ... OK
* checking package subdirectories ... OK
* checking R files for non-ASCII characters ... OK
* checking R files for syntax errors ... OK
* checking whether the package can be loaded ... OK
* checking whether the package can be loaded with stated dependencies ... OK
* checking whether the package can be unloaded cleanly ...