This is pdfTeX, Version 3.1415926-2.3-1.40.12 (MiKTeX 2.9) (preloaded format=pdflatex 2012.10.8)  6 FEB 2015 16:25
entering extended mode
**userGuide.tex

("C:\Users\lindesay\Dropbox\Research\Packages\MRSea package\UserGuide\v020user\
userGuide.tex"
LaTeX2e <2011/06/27>
Babel <v3.8m> and hyphenation patterns for english, afrikaans, ancientgreek, ar
abic, armenian, assamese, basque, bengali, bokmal, bulgarian, catalan, coptic, 
croatian, czech, danish, dutch, esperanto, estonian, farsi, finnish, french, ga
lician, german, german-x-2009-06-19, greek, gujarati, hindi, hungarian, iceland
ic, indonesian, interlingua, irish, italian, kannada, kurmanji, lao, latin, lat
vian, lithuanian, malayalam, marathi, mongolian, mongolianlmc, monogreek, ngerm
an, ngerman-x-2009-06-19, nynorsk, oriya, panjabi, pinyin, polish, portuguese, 
romanian, russian, sanskrit, serbian, slovak, slovenian, spanish, swedish, swis
sgerman, tamil, telugu, turkish, turkmen, ukenglish, ukrainian, uppersorbian, u
senglishmax, welsh, loaded.
("C:\Program Files (x86)\MiKTeX 2.9\tex\latex\base\article.cls"
Document Class: article 2007/10/19 v1.4h Standard LaTeX document class
("C:\Program Files (x86)\MiKTeX 2.9\tex\latex\base\size10.clo"
File: size10.clo 2007/10/19 v1.4h Standard LaTeX file (size option)
)
\c@part=\count79
\c@section=\count80
\c@subsection=\count81
\c@subsubsection=\count82
\c@paragraph=\count83
\c@subparagraph=\count84
\c@figure=\count85
\c@table=\count86
\abovecaptionskip=\skip41
\belowcaptionskip=\skip42
\bibindent=\dimen102
)
("C:\Program Files (x86)\MiKTeX 2.9\tex\latex\graphics\graphicx.sty"
Package: graphicx 1999/02/16 v1.0f Enhanced LaTeX Graphics (DPC,SPQR)

("C:\Program Files (x86)\MiKTeX 2.9\tex\latex\graphics\keyval.sty"
Package: keyval 1999/03/16 v1.13 key=value parser (DPC)
\KV@toks@=\toks14
)
("C:\Program Files (x86)\MiKTeX 2.9\tex\latex\graphics\graphics.sty"
Package: graphics 2009/02/05 v1.0o Standard LaTeX Graphics (DPC,SPQR)

("C:\Program Files (x86)\MiKTeX 2.9\tex\latex\graphics\trig.sty"
Package: trig 1999/03/16 v1.09 sin cos tan (DPC)
)
("C:\Program Files (x86)\MiKTeX 2.9\tex\latex\00miktex\graphics.cfg"
File: graphics.cfg 2007/01/18 v1.5 graphics configuration of teTeX/TeXLive
)
Package graphics Info: Driver file: pdftex.def on input line 91.

("C:\Program Files (x86)\MiKTeX 2.9\tex\latex\pdftex-def\pdftex.def"
File: pdftex.def 2011/05/27 v0.06d Graphics/color for pdfTeX

("C:\Program Files (x86)\MiKTeX 2.9\tex\generic\oberdiek\infwarerr.sty"
Package: infwarerr 2010/04/08 v1.3 Providing info/warning/error messages (HO)
)
("C:\Program Files (x86)\MiKTeX 2.9\tex\generic\oberdiek\ltxcmds.sty"
Package: ltxcmds 2011/11/09 v1.22 LaTeX kernel commands for general use (HO)
)
\Gread@gobject=\count87
))
\Gin@req@height=\dimen103
\Gin@req@width=\dimen104
)
("C:\Program Files (x86)\MiKTeX 2.9\tex\latex\graphics\color.sty"
Package: color 2005/11/14 v1.0j Standard LaTeX Color (DPC)

("C:\Program Files (x86)\MiKTeX 2.9\tex\latex\00miktex\color.cfg"
File: color.cfg 2007/01/18 v1.5 color configuration of teTeX/TeXLive
)
Package color Info: Driver file: pdftex.def on input line 130.
)
("C:\Program Files (x86)\MiKTeX 2.9\tex\latex\framed\framed.sty"
Package: framed 2011/10/22 v 0.96: framed or shaded text with page breaks
\OuterFrameSep=\skip43
\fb@frw=\dimen105
\fb@frh=\dimen106
\FrameRule=\dimen107
\FrameSep=\dimen108
)
("C:\Program Files (x86)\MiKTeX 2.9\tex\latex\base\alltt.sty"
Package: alltt 1997/06/16 v2.0g defines alltt environment
)
("C:\Program Files (x86)\MiKTeX 2.9\tex\latex\fancyhdr\fancyhdr.sty"
\fancy@headwidth=\skip44
\f@ncyO@elh=\skip45
\f@ncyO@erh=\skip46
\f@ncyO@olh=\skip47
\f@ncyO@orh=\skip48
\f@ncyO@elf=\skip49
\f@ncyO@erf=\skip50
\f@ncyO@olf=\skip51
\f@ncyO@orf=\skip52
)
("C:\Program Files (x86)\MiKTeX 2.9\tex\latex\psnfss\bookman.sty"
Package: bookman 2005/04/12 PSNFSS-v9.2a (SPQR) 
)
("C:\Program Files (x86)\MiKTeX 2.9\tex\latex\ams\classes\amsthm.sty"
Package: amsthm 2004/08/06 v2.20
\thm@style=\toks15
\thm@bodyfont=\toks16
\thm@headfont=\toks17
\thm@notefont=\toks18
\thm@headpunct=\toks19
\thm@preskip=\skip53
\thm@postskip=\skip54
\thm@headsep=\skip55
\dth@everypar=\toks20
)
("C:\Program Files (x86)\MiKTeX 2.9\tex\latex\natbib\natbib.sty"
Package: natbib 2010/09/13 8.31b (PWD, AO)
\bibhang=\skip56
\bibsep=\skip57
LaTeX Info: Redefining \cite on input line 694.
\c@NAT@ctr=\count88
)
("C:\Program Files (x86)\MiKTeX 2.9\tex\latex\upquote\upquote.sty"
Package: upquote 2012/04/19 v1.3 upright-quote and grave-accent glyphs in verba
tim

("C:\Program Files (x86)\MiKTeX 2.9\tex\latex\base\textcomp.sty"
Package: textcomp 2005/09/27 v1.99g Standard LaTeX package
Package textcomp Info: Sub-encoding information:
(textcomp)               5 = only ISO-Adobe without \textcurrency
(textcomp)               4 = 5 + \texteuro
(textcomp)               3 = 4 + \textohm
(textcomp)               2 = 3 + \textestimated + \textcurrency
(textcomp)               1 = TS1 - \textcircled - \t
(textcomp)               0 = TS1 (full)
(textcomp)             Font families with sub-encoding setting implement
(textcomp)             only a restricted character set as indicated.
(textcomp)             Family '?' is the default used for unknown fonts.
(textcomp)             See the documentation for details.
Package textcomp Info: Setting ? sub-encoding to TS1/1 on input line 71.

("C:\Program Files (x86)\MiKTeX 2.9\tex\latex\base\ts1enc.def"
File: ts1enc.def 2001/06/05 v3.0e (jk/car/fm) Standard LaTeX file
)
LaTeX Info: Redefining \oldstylenums on input line 266.
Package textcomp Info: Setting cmr sub-encoding to TS1/0 on input line 281.
Package textcomp Info: Setting cmss sub-encoding to TS1/0 on input line 282.
Package textcomp Info: Setting cmtt sub-encoding to TS1/0 on input line 283.
Package textcomp Info: Setting cmvtt sub-encoding to TS1/0 on input line 284.
Package textcomp Info: Setting cmbr sub-encoding to TS1/0 on input line 285.
Package textcomp Info: Setting cmtl sub-encoding to TS1/0 on input line 286.
Package textcomp Info: Setting ccr sub-encoding to TS1/0 on input line 287.
Package textcomp Info: Setting ptm sub-encoding to TS1/4 on input line 288.
Package textcomp Info: Setting pcr sub-encoding to TS1/4 on input line 289.
Package textcomp Info: Setting phv sub-encoding to TS1/4 on input line 290.
Package textcomp Info: Setting ppl sub-encoding to TS1/3 on input line 291.
Package textcomp Info: Setting pag sub-encoding to TS1/4 on input line 292.
Package textcomp Info: Setting pbk sub-encoding to TS1/4 on input line 293.
Package textcomp Info: Setting pnc sub-encoding to TS1/4 on input line 294.
Package textcomp Info: Setting pzc sub-encoding to TS1/4 on input line 295.
Package textcomp Info: Setting bch sub-encoding to TS1/4 on input line 296.
Package textcomp Info: Setting put sub-encoding to TS1/5 on input line 297.
Package textcomp Info: Setting uag sub-encoding to TS1/5 on input line 298.
Package textcomp Info: Setting ugq sub-encoding to TS1/5 on input line 299.
Package textcomp Info: Setting ul8 sub-encoding to TS1/4 on input line 300.
Package textcomp Info: Setting ul9 sub-encoding to TS1/4 on input line 301.
Package textcomp Info: Setting augie sub-encoding to TS1/5 on input line 302.
Package textcomp Info: Setting dayrom sub-encoding to TS1/3 on input line 303.
Package textcomp Info: Setting dayroms sub-encoding to TS1/3 on input line 304.

Package textcomp Info: Setting pxr sub-encoding to TS1/0 on input line 305.
Package textcomp Info: Setting pxss sub-encoding to TS1/0 on input line 306.
Package textcomp Info: Setting pxtt sub-encoding to TS1/0 on input line 307.
Package textcomp Info: Setting txr sub-encoding to TS1/0 on input line 308.
Package textcomp Info: Setting txss sub-encoding to TS1/0 on input line 309.
Package textcomp Info: Setting txtt sub-encoding to TS1/0 on input line 310.
Package textcomp Info: Setting lmr sub-encoding to TS1/0 on input line 311.
Package textcomp Info: Setting lmdh sub-encoding to TS1/0 on input line 312.
Package textcomp Info: Setting lmss sub-encoding to TS1/0 on input line 313.
Package textcomp Info: Setting lmssq sub-encoding to TS1/0 on input line 314.
Package textcomp Info: Setting lmvtt sub-encoding to TS1/0 on input line 315.
Package textcomp Info: Setting qhv sub-encoding to TS1/0 on input line 316.
Package textcomp Info: Setting qag sub-encoding to TS1/0 on input line 317.
Package textcomp Info: Setting qbk sub-encoding to TS1/0 on input line 318.
Package textcomp Info: Setting qcr sub-encoding to TS1/0 on input line 319.
Package textcomp Info: Setting qcs sub-encoding to TS1/0 on input line 320.
Package textcomp Info: Setting qpl sub-encoding to TS1/0 on input line 321.
Package textcomp Info: Setting qtm sub-encoding to TS1/0 on input line 322.
Package textcomp Info: Setting qzc sub-encoding to TS1/0 on input line 323.
Package textcomp Info: Setting qhvc sub-encoding to TS1/0 on input line 324.
Package textcomp Info: Setting futs sub-encoding to TS1/4 on input line 325.
Package textcomp Info: Setting futx sub-encoding to TS1/4 on input line 326.
Package textcomp Info: Setting futj sub-encoding to TS1/4 on input line 327.
Package textcomp Info: Setting hlh sub-encoding to TS1/3 on input line 328.
Package textcomp Info: Setting hls sub-encoding to TS1/3 on input line 329.
Package textcomp Info: Setting hlst sub-encoding to TS1/3 on input line 330.
Package textcomp Info: Setting hlct sub-encoding to TS1/5 on input line 331.
Package textcomp Info: Setting hlx sub-encoding to TS1/5 on input line 332.
Package textcomp Info: Setting hlce sub-encoding to TS1/5 on input line 333.
Package textcomp Info: Setting hlcn sub-encoding to TS1/5 on input line 334.
Package textcomp Info: Setting hlcw sub-encoding to TS1/5 on input line 335.
Package textcomp Info: Setting hlcf sub-encoding to TS1/5 on input line 336.
Package textcomp Info: Setting pplx sub-encoding to TS1/3 on input line 337.
Package textcomp Info: Setting pplj sub-encoding to TS1/3 on input line 338.
Package textcomp Info: Setting ptmx sub-encoding to TS1/4 on input line 339.
Package textcomp Info: Setting ptmj sub-encoding to TS1/4 on input line 340.
))
("C:\Users\lindesay\Dropbox\Research\Packages\MRSea package\UserGuide\v020user\
userGuide.aux")
LaTeX Font Info:    Checking defaults for OML/cmm/m/it on input line 61.
LaTeX Font Info:    ... okay on input line 61.
LaTeX Font Info:    Checking defaults for T1/cmr/m/n on input line 61.
LaTeX Font Info:    ... okay on input line 61.
LaTeX Font Info:    Checking defaults for OT1/cmr/m/n on input line 61.
LaTeX Font Info:    ... okay on input line 61.
LaTeX Font Info:    Checking defaults for OMS/cmsy/m/n on input line 61.
LaTeX Font Info:    ... okay on input line 61.
LaTeX Font Info:    Checking defaults for OMX/cmex/m/n on input line 61.
LaTeX Font Info:    ... okay on input line 61.
LaTeX Font Info:    Checking defaults for U/cmr/m/n on input line 61.
LaTeX Font Info:    ... okay on input line 61.
LaTeX Font Info:    Checking defaults for TS1/cmr/m/n on input line 61.
LaTeX Font Info:    Try loading font information for TS1+cmr on input line 61.
 ("C:\Program Files (x86)\MiKTeX 2.9\tex\latex\base\ts1cmr.fd"
File: ts1cmr.fd 1999/05/25 v2.5h Standard LaTeX font definitions
)
LaTeX Font Info:    ... okay on input line 61.
LaTeX Font Info:    Try loading font information for OT1+pbk on input line 61.

("C:\Program Files (x86)\MiKTeX 2.9\tex\latex\psnfss\ot1pbk.fd"
File: ot1pbk.fd 2001/06/04 font definitions for OT1/pbk.
)
LaTeX Font Info:    Font shape `OT1/pbk/m/n' in size <10> not available
(Font)              Font shape `OT1/pbk/l/n' tried instead on input line 61.

("C:\Program Files (x86)\MiKTeX 2.9\tex\context\base\supp-pdf.mkii"
[Loading MPS to PDF converter (version 2006.09.02).]
\scratchcounter=\count89
\scratchdimen=\dimen109
\scratchbox=\box26
\nofMPsegments=\count90
\nofMParguments=\count91
\everyMPshowfont=\toks21
\MPscratchCnt=\count92
\MPscratchDim=\dimen110
\MPnumerator=\count93
\makeMPintoPDFobject=\count94
\everyMPtoPDFconversion=\toks22
)
LaTeX Font Info:    Font shape `OT1/pbk/m/n' in size <20.74> not available
(Font)              Font shape `OT1/pbk/l/n' tried instead on input line 72.
LaTeX Font Info:    Try loading font information for OT1+pcr on input line 72.
 ("C:\Program Files (x86)\MiKTeX 2.9\tex\latex\psnfss\ot1pcr.fd"
File: ot1pcr.fd 2001/06/04 font definitions for OT1/pcr.
)
LaTeX Font Info:    Font shape `OT1/pbk/m/n' in size <14.4> not available
(Font)              Font shape `OT1/pbk/l/n' tried instead on input line 74.
LaTeX Font Info:    Font shape `OT1/pbk/m/n' in size <12> not available
(Font)              Font shape `OT1/pbk/l/n' tried instead on input line 90.
 [1

{C:/ProgramData/MiKTeX/2.9/pdftex/config/pdftex.map}]
LaTeX Font Info:    Font shape `OT1/pbk/bx/n' in size <10> not available
(Font)              Font shape `OT1/pbk/b/n' tried instead on input line 101.
LaTeX Font Info:    Font shape `OT1/pbk/b/n' in size <10> not available
(Font)              Font shape `OT1/pbk/db/n' tried instead on input line 101.
LaTeX Font Info:    Font shape `OT1/pbk/bx/n' in size <14.4> not available
(Font)              Font shape `OT1/pbk/b/n' tried instead on input line 110.
LaTeX Font Info:    Font shape `OT1/pbk/b/n' in size <14.4> not available
(Font)              Font shape `OT1/pbk/db/n' tried instead on input line 110.

<MRSea_workflow.png, id=7, 722.7pt x 542.025pt>
File: MRSea_workflow.png Graphic file (type png)
 <use MRSea_workflow.png>
Package pdftex.def Info: MRSea_workflow.png used on input line 115.
(pdftex.def)             Requested size: 360.00137pt x 270.0028pt.

! Undefined control sequence.
<recently read> \href 
                      
l.122 \href
           {http://creem2.st-and.ac.uk/software.aspx}{http://creem2.st-and.a...
The control sequence at the end of the top line
of your error message was never \def'ed. If you have
misspelled it (e.g., `\hobx'), type `I' and the correct
spelling (e.g., `I\hbox'). Otherwise just continue,
and I'll forget about whatever was undefined.

LaTeX Font Info:    Font shape `OT1/pbk/m/sl' in size <10> not available
(Font)              Font shape `OT1/pbk/l/sl' tried instead on input line 123.
[1 <C:/Users/lindesay/Dropbox/Research/Packages/MRSea package/UserGuide/v020use
r/MRSea_workflow.png>]
Package color Info: Redefining color shadecolor on input line 132.
LaTeX Font Info:    Font shape `OT1/pcr/bx/n' in size <10> not available
(Font)              Font shape `OT1/pcr/b/n' tried instead on input line 134.
LaTeX Font Info:    Font shape `OT1/pcr/m/it' in size <10> not available
(Font)              Font shape `OT1/pcr/m/sl' tried instead on input line 135.
Package color Info: Redefining color shadecolor on input line 148.
Package color Info: Redefining color shadecolor on input line 160.

Overfull \hbox (7.00003pt too wide) in paragraph at lines 166--166
[]                   []\OT1/pcr/m/n/10 depth[] []+[] []x.pos[] []+[] []y.pos,[]
 []family[] []= poisson,[] []data[] []= data)[][] 
 []

Package color Info: Redefining color shadecolor on input line 173.
LaTeX Font Info:    External font `cmex10' loaded for size
(Font)              <7> on input line 184.
LaTeX Font Info:    External font `cmex10' loaded for size
(Font)              <5> on input line 184.

Overfull \hbox (3.20735pt too wide) in paragraph at lines 184--185
[]\OT1/pbk/l/n/10 SALSA1D re-quires that \OT1/pcr/m/n/10 foldid \OT1/pbk/l/n/10
 is a col-umn in the data set so that $\OML/cmm/m/it/10 k$\OT1/pbk/l/n/10 -fold
 Cross-Validation
 []

Package color Info: Redefining color shadecolor on input line 189.
[2]
Overfull \hbox (19.00003pt too wide) in paragraph at lines 192--192
[][]\OT1/pcr/m/n/10 data[][]$[][]blockid[] []<-[] []\OT1/pcr/b/n/10 paste[][]\O
T1/pcr/m/n/10 (data[][]$[][]transect.id, data[][]$[][]season, data[][]$[][]impa
ct,[][]sep[] []=[] []""[][])[][] 
 []

LaTeX Font Info:    Try loading font information for TS1+pcr on input line 193.

("C:\Program Files (x86)\MiKTeX 2.9\tex\latex\psnfss\ts1pcr.fd"
File: ts1pcr.fd 2001/06/04 font definitions for TS1/pcr.
)
Package color Info: Redefining color shadecolor on input line 200.
Package color Info: Redefining color shadecolor on input line 214.

Overfull \hbox (37.00003pt too wide) in paragraph at lines 216--216
[][]\OT1/pcr/m/n/10 salsa1dlist[] []<-[] []\OT1/pcr/b/n/10 list[][]\OT1/pcr/m/n
/10 ([][]fitnessMeasure[] []=[] []"AICh"[][],[] []minKnots_1d[] []=[] []2[][],[
][]maxKnots_1d[] []=[] []5[][],[][] 
 []

Package color Info: Redefining color shadecolor on input line 225.
Package color Info: Redefining color shadecolor on input line 250.
[3]
Package color Info: Redefining color shadecolor on input line 262.

Overfull \hbox (43.00003pt too wide) in paragraph at lines 265--265
[][]\OT1/pcr/m/n/10 salsa1dOutput[] []<-[] []\OT1/pcr/b/n/10 runSALSA1D_withrem
oval[][]\OT1/pcr/m/n/10 (initialModel, salsa1dlist,[] []\OT1/pcr/b/n/10 c[][]\O
T1/pcr/m/n/10 ([][]"depth"[][]),[][] 
 []


Overfull \hbox (31.00003pt too wide) in paragraph at lines 266--266
[]                      []\OT1/pcr/m/n/10 predictionData[][]=predictData,[] []d
atain[][]=data,[] []removal[][]=[][]TRUE[][])[][] 
 []

Package color Info: Redefining color shadecolor on input line 272.
Package color Info: Redefining color shadecolor on input line 293.
LaTeX Font Info:    Font shape `TS1/pcr/m/it' in size <10> not available
(Font)              Font shape `TS1/pcr/m/sl' tried instead on input line 297.
<figure/knotgrid.pdf, id=23, 650.43pt x 433.62pt>
File: figure/knotgrid.pdf Graphic file (type pdf)
 <use figure/knotgrid.pdf>
Package pdftex.def Info: figure/knotgrid.pdf used on input line 302.
(pdftex.def)             Requested size: 382.49738pt x 255.00652pt.

[4]
Package color Info: Redefining color shadecolor on input line 314.

Overfull \hbox (1.00003pt too wide) in paragraph at lines 317--317
[][]\OT1/pcr/m/n/10 distMats[] []<-[] []\OT1/pcr/b/n/10 makeDists[][]\OT1/pcr/m
/n/10 ([][]\OT1/pcr/b/n/10 cbind[][]\OT1/pcr/m/n/10 (data[][]$[][]x.pos, data[]
[]$[][]y.pos),[] []\OT1/pcr/b/n/10 na.omit[][]\OT1/pcr/m/n/10 (knotgrid))[][] 
 []


Overfull \hbox (7.00003pt too wide) in paragraph at lines 319--319
[][]\OT1/pcr/m/n/10 r_seq[] []<-[] []\OT1/pcr/b/n/10 getRadiiChoices[][]\OT1/pc
r/m/n/10 ([][]numberofradii[][]=[][]10[][],[] []distMatrix[][]=distMats[][]$[][
]dataDist)[][] 
 []

Package color Info: Redefining color shadecolor on input line 336.

Overfull \hbox (19.00003pt too wide) in paragraph at lines 339--339
[]                             []\OT1/pcr/m/n/10 d2k[][]=distMats[][]$[][]dataD
ist,[] []k2k[][]=distMats[][]$[][]knotDist,[][] 
 []

Package color Info: Redefining color shadecolor on input line 347.
[5 <C:/Users/lindesay/Dropbox/Research/Packages/MRSea package/UserGuide/v020use
r/figure/knotgrid.pdf>]
Package color Info: Redefining color shadecolor on input line 362.

Overfull \hbox (1.00003pt too wide) in paragraph at lines 364--364
[][]\OT1/pcr/m/n/10 data[][]$[][]blockid[][]<-[][]\OT1/pcr/b/n/10 paste[][]\OT1
/pcr/m/n/10 (data[][]$[][]transect.id, data[][]$[][]season, data[][]$[][]impact
,[] []sep[][]=[][]\TS1/pcr/m/n/10 ''[][]\OT1/pcr/m/n/10 )[][] 
 []

<figure/unnamed-chunk-13.pdf, id=35, 505.89pt x 505.89pt>
File: figure/unnamed-chunk-13.pdf Graphic file (type pdf)

<use figure/unnamed-chunk-13.pdf>
Package pdftex.def Info: figure/unnamed-chunk-13.pdf used on input line 373.
(pdftex.def)             Requested size: 270.00275pt x 270.0039pt.
Package color Info: Redefining color shadecolor on input line 382.
 [6 <C:/Users/lindesay/Dropbox/Research/Packages/MRSea package/UserGuide/v020us
er/figure/unnamed-chunk-13.pdf>]
Overfull \hbox (1.39993pt too wide) in paragraph at lines 384--384
[][]\OT1/pcr/m/sl/10 # Re-fit the chosen model as a GEE (based on SALSA knot pl
acement) and [][] 
 []

Package color Info: Redefining color shadecolor on input line 395.
Package color Info: Redefining color shadecolor on input line 413.

Overfull \hbox (19.00003pt too wide) in paragraph at lines 417--417
[]                  []\OT1/pcr/b/n/10 c[][]\OT1/pcr/m/n/10 ([][]\TS1/pcr/m/n/10
 '\OT1/pcr/m/n/10 season\TS1/pcr/m/n/10 '[][]\OT1/pcr/m/n/10 ,[] []\TS1/pcr/m/n
/10 '\OT1/pcr/m/n/10 impact\TS1/pcr/m/n/10 '[][]\OT1/pcr/m/n/10 ),[] []varlist[
] []=[] []\TS1/pcr/m/n/10 '\OT1/pcr/m/n/10 depth\TS1/pcr/m/n/10 '[][]\OT1/pcr/m
/n/10 ,[] []showKnots[] []= T)[][] 
 []

<figure/unnamed-chunk-211.pdf, id=45, 650.43pt x 433.62pt>
File: figure/unnamed-chunk-211.pdf Graphic file (type pdf)

<use figure/unnamed-chunk-211.pdf>
Package pdftex.def Info: figure/unnamed-chunk-211.pdf used on input line 424.
(pdftex.def)             Requested size: 212.49998pt x 141.66588pt.

<figure/unnamed-chunk-212.pdf, id=46, 650.43pt x 433.62pt>
File: figure/unnamed-chunk-212.pdf Graphic file (type pdf)

<use figure/unnamed-chunk-212.pdf>
Package pdftex.def Info: figure/unnamed-chunk-212.pdf used on input line 425.
(pdftex.def)             Requested size: 212.49998pt x 141.66588pt.

<figure/unnamed-chunk-213.pdf, id=47, 650.43pt x 433.62pt>
File: figure/unnamed-chunk-213.pdf Graphic file (type pdf)

<use figure/unnamed-chunk-213.pdf>
Package pdftex.def Info: figure/unnamed-chunk-213.pdf used on input line 426.
(pdftex.def)             Requested size: 212.49998pt x 141.66588pt.
 [7 <C:/Users/lindesay/Dropbox/Research/Packages/MRSea package/UserGuide/v020us
er/figure/unnamed-chunk-211.pdf> <C:/Users/lindesay/Dropbox/Research/Packages/M
RSea package/UserGuide/v020user/figure/unnamed-chunk-212.pdf>]
Package color Info: Redefining color shadecolor on input line 437.
Package color Info: Redefining color shadecolor on input line 450.
 <figure/unnamed-chunk-23.pdf, id=61, 650.43pt x 433.62pt>
File: figure/unnamed-chunk-23.pdf Graphic file (type pdf)

<use figure/unnamed-chunk-23.pdf>
Package pdftex.def Info: figure/unnamed-chunk-23.pdf used on input line 463.
(pdftex.def)             Requested size: 382.49738pt x 255.00652pt.
 [8 <C:/Users/lindesay/Dropbox/Research/Packages/MRSea package/UserGuide/v020us
er/figure/unnamed-chunk-213.pdf>]
Overfull \hbox (3.48187pt too wide) in paragraph at lines 471--471
[]\OT1/pbk/db/n/14.4 Bootstrapped Con-fi-dence In-ter-vals and Dif-fer-ence Sur
-
 []

Package color Info: Redefining color shadecolor on input line 477.

Overfull \hbox (7.00003pt too wide) in paragraph at lines 480--480
[][]\OT1/pcr/b/n/10 do.bootstrap.cress[][]\OT1/pcr/m/n/10 (dis.data,[] []predic
t.data[][]=predictData, result, geeModel,[][] 
 []


Overfull \hbox (31.00003pt too wide) in paragraph at lines 482--482
[]                   []\OT1/pcr/m/n/10 rename[] []=[] []"segment.id"[][],[] []s
tratum[] []=[] []"seasonimpact"[][],[] []B[] []=[] []100[][])[][] 
 []

Package color Info: Redefining color shadecolor on input line 488.
Package color Info: Redefining color shadecolor on input line 498.

Overfull \hbox (7.00003pt too wide) in paragraph at lines 502--502
[]                      []\OT1/pcr/m/n/10 afterPreds[] []= bootPreds[predictDat
a[][]$[][]impact[] []==[] []1[][], ])[][] 
 []

Package color Info: Redefining color shadecolor on input line 509.
[9 <C:/Users/lindesay/Dropbox/Research/Packages/MRSea package/UserGuide/v020use
r/figure/unnamed-chunk-23.pdf>]
<figure/unnamed-chunk-26.pdf, id=78, 650.43pt x 433.62pt>
File: figure/unnamed-chunk-26.pdf Graphic file (type pdf)

<use figure/unnamed-chunk-26.pdf>
Package pdftex.def Info: figure/unnamed-chunk-26.pdf used on input line 531.
(pdftex.def)             Requested size: 382.49738pt x 255.00652pt.
 [10 <C:/Users/lindesay/Dropbox/Research/Packages/MRSea package/UserGuide/v020u
ser/figure/unnamed-chunk-26.pdf>] [11]
("C:\Users\lindesay\Dropbox\Research\Packages\MRSea package\UserGuide\v020user\
userGuide.aux") ) 
Here is how much of TeX's memory you used:
 2451 strings out of 494045
 33944 string characters out of 3145960
 84441 words of memory out of 3000000
 5718 multiletter control sequences out of 15000+200000
 13730 words of font info for 39 fonts, out of 3000000 for 9000
 715 hyphenation exceptions out of 8191
 30i,12n,43p,1108b,356s stack positions out of 5000i,500n,10000p,200000b,50000s
{C:/Program Files (x86)/MiKTeX 2.9/fonts/enc/dvips/fontname/8r
.enc}<C:/Program Files (x86)/MiKTeX 2.9/fonts/type1/public/amsfonts/cm/cmmi10.p
fb><C:/Program Files (x86)/MiKTeX 2.9/fonts/type1/urw/bookman/ubkd8a.pfb><C:/Pr
ogram Files (x86)/MiKTeX 2.9/fonts/type1/urw/bookman/ubkl8a.pfb><C:/Program Fil
es (x86)/MiKTeX 2.9/fonts/type1/urw/courier/ucrb8a.pfb><C:/Program Files (x86)/
MiKTeX 2.9/fonts/type1/urw/courier/ucrr8a.pfb><C:/Program Files (x86)/MiKTeX 2.
9/fonts/type1/urw/courier/ucrro8a.pfb>
Output written on userGuide.pdf (12 pages, 806846 bytes).
PDF statistics:
 111 PDF objects out of 1000 (max. 8388607)
 0 named destinations out of 1000 (max. 500000)
 41 words of extra memory for PDF output out of 10000 (max. 10000000)

