[1] "initialDispersion 13.0869919707635"
[1] "******************************************************************************"
[1] "Initialising..."
[1] "******************************************************************************"
[1] "Initialising model..."
[1] "Initial model fitted..."
[1] "Fitting Initial Radii"
[1] "initialising complete"
[1] "******************************************************************************"
[1] "Finding suitable initialise..."
[1] "******************************************************************************"
[1] "remove bad knot 1"
[1] 10002076
[1] "20002075.7354783 10002075.7354783 10 0 0"
[1] "bad knot removed **********************************"
[1] "remove bad knot 2"
[1] 20002076
[1] "1802.62374198013 20002075.7354783 9 0 0"
[1] "bad knot removed **********************************"
[1] "******************************************************************************"
[1] "Exchanging..."
[1] "******************************************************************************"
[1] "******************************************************************************"
[1] "Moving knot..."
[1] "******************************************************************************"
[1] "move ***********************************"
[1] "move ***********************************"
[1] "move ***********************************"
[1] "Adding knot..."
[1] "knot added ***********************************"
[1] "******************************************************************************"
[1] "Moving knot..."
[1] "******************************************************************************"
[1] "move ***********************************"
[1] "move ***********************************"
[1] "Adding knot..."
[1] "******************************************************************************"
[1] "Moving knot..."
[1] "******************************************************************************"
[1] "Adding knot..."
[1] "knot added ***********************************"
[1] "******************************************************************************"
[1] "Moving knot..."
[1] "******************************************************************************"
[1] "Adding knot..."
[1] "knot added ***********************************"
[1] "******************************************************************************"
[1] "Moving knot..."
[1] "******************************************************************************"
[1] "move ***********************************"
[1] "Adding knot..."
[1] "knot added ***********************************"
[1] "******************************************************************************"
[1] "Moving knot..."
[1] "******************************************************************************"
[1] "Improving..."
[1] "******************************************************************************"
[1] "improve *************************************"
[1] "improve *************************************"
[1] "improve *************************************"
[1] "improve *************************************"
[1] "improve *************************************"
[1] "improve *************************************"
[1] "improve *************************************"
[1] "improve *************************************"
[1] "improve *************************************"
[1] "improve *************************************"
[1] "improve *************************************"
[1] "improve *************************************"
[1] "improve *************************************"
[1] "improve *************************************"
[1] "improve *************************************"
[1] "improve *************************************"
[1] "improve *************************************"
[1] "improve *************************************"
[1] "improve *************************************"
[1] "improve *************************************"
[1] "improve *************************************"
[1] "******************************************************************************"
[1] "Simplifying model..."
[1] "******************************************************************************"
[1] "e"
[1] "******************************************************************************"
[1] "Exchanging..."
[1] "******************************************************************************"
[1] "******************************************************************************"
[1] "Moving knot..."
[1] "******************************************************************************"
[1] "Improving..."
[1] "******************************************************************************"
[1] "******************************************************************************"
[1] "Simplifying model..."
[1] "******************************************************************************"
[1] "e"
[1] "And we're done..."
[1] "******************************************************************************"
[1] "Initialising..."
[1] "******************************************************************************"
[1] "Initialising model..."
[1] "Initial model fitted..."
[1] "Fitting Initial Radii"
[1] "initialising complete"
