[1] "initialDispersion 21.5716704629026"
[1] "Initialising..."
Initial fit =  13588.92 11 
[1] "initialisation complete..."
[1] "^^^^^^^^^^^Initial^^^^^^^^^^^^^^^^^^^^^^^^^^^^^^^^^^"
[1] 14588.92
[1] "Exchanging..."
[1] "Locating maximum residual......"
[1] "Maximum residual found..."
[1] "Moving knot..."
[1] "Knot moved..."
[1] "Exchanging done..."
[1] "Improving..."
[1] "Shifting up..."
[1] "Up done..."
[1] "Shifting down..."
[1] "Down done..."
[1] "Improving complete..."
[1] "And we're done..."
Fitting Linear Model...Choosing smooth vs linear model...[1] "initialDispersion 19.9087776030629"
[1] "Initialising..."
Initial fit =  14062.93 1 
[1] "initialisation complete..."
[1] "^^^^^^^^^^^Initial^^^^^^^^^^^^^^^^^^^^^^^^^^^^^^^^^^"
[1] 15062.93
[1] "Exchanging..."
[1] "Locating maximum residual......"
[1] "Maximum residual found..."
[1] "Moving knot..."
[1] "Knot moved..."
[1] "Exchanging done..."
[1] "Improving..."
[1] "Shifting up..."
[1] "Up done..."
[1] "Shifting down..."
[1] "Down done..."
[1] "Improving complete..."
[1] "And we're done..."
Fitting Linear Model...Choosing smooth vs linear model...[1] "initialDispersion 15.6833827782327"
[1] "Initialising..."
Initial fit =  14913.7 1 
[1] "initialisation complete..."
[1] "^^^^^^^^^^^Initial^^^^^^^^^^^^^^^^^^^^^^^^^^^^^^^^^^"
[1] 15913.7
[1] "Exchanging..."
[1] "Locating maximum residual......"
[1] "Maximum residual found..."
[1] "Moving knot..."
[1] "Knot moved..."
[1] "Locating maximum residual......"
[1] "Maximum residual found..."
[1] "Moving knot..."
[1] "Knot moved..."
[1] "Exchanging done..."
[1] "^^^^^^^^^^^Exchange^^^^^^^^^^^^^^^^^^^^^^^^^^^^^^^^^^"
[1] "Improving..."
[1] "Shifting up..."
[1] "Up done..."
[1] "Shifting down..."
[1] "Down done..."
[1] "Improving complete..."
[1] "Exchanging..."
[1] "Locating maximum residual......"
[1] "Maximum residual found..."
[1] "Moving knot..."
[1] "Knot moved..."
[1] "Exchanging done..."
[1] "Improving..."
[1] "Shifting up..."
[1] "Up done..."
[1] "Shifting down..."
[1] "Down done..."
[1] "Improving complete..."
[1] "And we're done..."
Fitting Linear Model...Choosing smooth vs linear model...[1] "initialDispersion 22.8291771609553"
[1] "Initialising..."
Initial fit =  3409.922 6 
[1] "initialisation complete..."
[1] "^^^^^^^^^^^Initial^^^^^^^^^^^^^^^^^^^^^^^^^^^^^^^^^^"
[1] 3409.922
[1] "Exchanging..."
[1] "Locating maximum residual......"
[1] "Maximum residual found..."
[1] "Moving knot..."
[1] "Knot moved..."
[1] "Locating maximum residual......"
[1] "Maximum residual found..."
[1] "Moving knot..."
[1] "Knot moved..."
[1] "Exchanging done..."
[1] "^^^^^^^^^^^Exchange^^^^^^^^^^^^^^^^^^^^^^^^^^^^^^^^^^"
[1] "Improving..."
[1] "Shifting up..."
[1] "Up done..."
[1] "Shifting up..."
[1] "Up done..."
[1] "Shifting down..."
[1] "Down done..."
[1] "Improving complete..."
[1] "^^^^^^^^^^^Improve^^^^^^^^^^^^^^^^^^^^^^^^^^^^^^^^^^"
[1] "Exchanging..."
[1] "Locating maximum residual......"
[1] "Maximum residual found..."
[1] "Moving knot..."
[1] "Knot moved..."
[1] "Exchanging done..."
[1] "Improving..."
[1] "Shifting up..."
[1] "Up done..."
[1] "Shifting down..."
[1] "Down done..."
[1] "Improving complete..."
[1] "And we're done..."
Fitting Linear Model...Choosing smooth vs linear model...