\BOOKMARK [1][-]{Rfn.acffunc.1}{acffunc}{}% 1
\BOOKMARK [1][-]{Rfn.AICh.1}{AICh}{}% 2
\BOOKMARK [1][-]{Rfn.anova.gamMRSea.1}{anova.gamMRSea}{}% 3
\BOOKMARK [1][-]{Rfn.bootstrap.orig.data.1}{bootstrap.orig.data}{}% 4
\BOOKMARK [1][-]{Rfn.checkfactorlevelcounts.1}{checkfactorlevelcounts}{}% 5
\BOOKMARK [1][-]{Rfn.choose.radii.1}{choose.radii}{}% 6
\BOOKMARK [1][-]{Rfn.create.bootcount.data.1}{create.bootcount.data}{}% 7
\BOOKMARK [1][-]{Rfn.create.bootstrap.data.1}{create.bootstrap.data}{}% 8
\BOOKMARK [1][-]{Rfn.create.count.data.1}{create.count.data}{}% 9
\BOOKMARK [1][-]{Rfn.create.NHAT.1}{create.NHAT}{}% 10
\BOOKMARK [1][-]{Rfn.dis.data.de.1}{dis.data.de}{}% 11
\BOOKMARK [1][-]{Rfn.dis.data.no.1}{dis.data.no}{}% 12
\BOOKMARK [1][-]{Rfn.dis.data.re.1}{dis.data.re}{}% 13
\BOOKMARK [1][-]{Rfn.do.bootstrap.cress.1}{do.bootstrap.cress}{}% 14
\BOOKMARK [1][-]{Rfn.do.bootstrap.cress.robust.1}{do.bootstrap.cress.robust}{}% 15
\BOOKMARK [1][-]{Rfn.do.bootstrap.gam.1}{do.bootstrap.gam}{}% 16
\BOOKMARK [1][-]{Rfn.drop.step.Rul.2d.1}{drop.step\1372d}{}% 17
\BOOKMARK [1][-]{Rfn.exchange.step.Rul.2d.1}{exchange.step\1372d}{}% 18
\BOOKMARK [1][-]{Rfn.fit.thinPlate.Rul.2d.1}{fit.thinPlate\1372d}{}% 19
\BOOKMARK [1][-]{Rfn.gamMRSea.1}{gamMRSea}{}% 20
\BOOKMARK [1][-]{Rfn.generateNoise.1}{generateNoise}{}% 21
\BOOKMARK [1][-]{Rfn.getCVids.1}{getCVids}{}% 22
\BOOKMARK [1][-]{Rfn.getCV.Rul.CReSS.1}{getCV\137CReSS}{}% 23
\BOOKMARK [1][-]{Rfn.getDifferences.1}{getDifferences}{}% 24
\BOOKMARK [1][-]{Rfn.getDispersion.1}{getDispersion}{}% 25
\BOOKMARK [1][-]{Rfn.getEmpDistribution.1}{getEmpDistribution}{}% 26
\BOOKMARK [1][-]{Rfn.getKnotgrid.1}{getKnotgrid}{}% 27
\BOOKMARK [1][-]{Rfn.getPlotdimensions.1}{getPlotdimensions}{}% 28
\BOOKMARK [1][-]{Rfn.getPvalues.1}{getPvalues}{}% 29
\BOOKMARK [1][-]{Rfn.getRadiiChoices.1}{getRadiiChoices}{}% 30
\BOOKMARK [1][-]{Rfn.improve.step.Rul.2d.1}{improve.step\1372d}{}% 31
\BOOKMARK [1][-]{Rfn.knotgrid.ns.1}{knotgrid.ns}{}% 32
\BOOKMARK [1][-]{Rfn.knotgrid.off.1}{knotgrid.off}{}% 33
\BOOKMARK [1][-]{Rfn.LocalRadialFunction.1}{LocalRadialFunction}{}% 34
\BOOKMARK [1][-]{Rfn.make.gamMRSea.1}{make.gamMRSea}{}% 35
\BOOKMARK [1][-]{Rfn.makeBootCIs.1}{makeBootCIs}{}% 36
\BOOKMARK [1][-]{Rfn.makeDists.1}{makeDists}{}% 37
\BOOKMARK [1][-]{Rfn.makesplineParams.1}{makesplineParams}{}% 38
\BOOKMARK [1][-]{Rfn.MRSea.1}{MRSea}{}% 39
\BOOKMARK [1][-]{Rfn.ns.data.de.1}{ns.data.de}{}% 40
\BOOKMARK [1][-]{Rfn.ns.data.no.1}{ns.data.no}{}% 41
\BOOKMARK [1][-]{Rfn.ns.data.re.1}{ns.data.re}{}% 42
\BOOKMARK [1][-]{Rfn.ns.predict.data.de.1}{ns.predict.data.de}{}% 43
\BOOKMARK [1][-]{Rfn.ns.predict.data.no.1}{ns.predict.data.no}{}% 44
\BOOKMARK [1][-]{Rfn.ns.predict.data.re.1}{ns.predict.data.re}{}% 45
\BOOKMARK [1][-]{Rfn.plotacf.1}{plotacf}{}% 46
\BOOKMARK [1][-]{Rfn.plotCumRes.1}{plotCumRes}{}% 47
\BOOKMARK [1][-]{Rfn.plotRunsProfile.1}{plotRunsProfile}{}% 48
\BOOKMARK [1][-]{Rfn.predict.cress.1}{predict.cress}{}% 49
\BOOKMARK [1][-]{Rfn.predict.data.de.1}{predict.data.de}{}% 50
\BOOKMARK [1][-]{Rfn.predict.data.no.1}{predict.data.no}{}% 51
\BOOKMARK [1][-]{Rfn.predict.data.re.1}{predict.data.re}{}% 52
\BOOKMARK [1][-]{Rfn.predict.gamMRSea.1}{predict.gamMRSea}{}% 53
\BOOKMARK [1][-]{Rfn.QICb.1}{QICb}{}% 54
\BOOKMARK [1][-]{Rfn.qzibinom.1}{qzibinom}{}% 55
\BOOKMARK [1][-]{Rfn.return.reg.spline.fit.1}{return.reg.spline.fit}{}% 56
\BOOKMARK [1][-]{Rfn.return.reg.spline.fit.2d.1}{return.reg.spline.fit.2d}{}% 57
\BOOKMARK [1][-]{Rfn.runACF.1}{runACF}{}% 58
\BOOKMARK [1][-]{Rfn.runDiagnostics.1}{runDiagnostics}{}% 59
\BOOKMARK [1][-]{Rfn.runInfluence.1}{runInfluence}{}% 60
\BOOKMARK [1][-]{Rfn.runPartialPlots.1}{runPartialPlots}{}% 61
\BOOKMARK [1][-]{Rfn.runSALSA1D.1}{runSALSA1D}{}% 62
\BOOKMARK [1][-]{Rfn.runSALSA2D.1}{runSALSA2D}{}% 63
\BOOKMARK [1][-]{Rfn.runsTest.1}{runsTest}{}% 64
\BOOKMARK [1][-]{Rfn.summary.gamMRSea.1}{summary.gamMRSea}{}% 65
\BOOKMARK [1][-]{Rfn.thinModels.1}{thinModels}{}% 66
\BOOKMARK [1][-]{Rfn.timeInfluenceCheck.1}{timeInfluenceCheck}{}% 67
\BOOKMARK [1][-]{Rfn.which.bin.1}{which.bin}{}% 68
\BOOKMARK [0][-]{index.0}{Index}{}% 69
