[1] "initialDispersion 19.3071092978636"
[1] "Initialising..."
Initial fit =  62847.94 -2500 
[1] "initialisation complete..."
[1] "^^^^^^^^^^^Initial^^^^^^^^^^^^^^^^^^^^^^^^^^^^^^^^^^"
[1] 62847.94
[1] "Exchanging..."
[1] "Locating maximum residual......"
[1] "Maximum residual found..."
[1] "Moving knot..."
[1] "Knot moved..."
[1] "Locating maximum residual......"
[1] "Maximum residual found..."
[1] "Moving knot..."
[1] "Knot moved..."
[1] "Exchanging done..."
[1] "^^^^^^^^^^^Exchange^^^^^^^^^^^^^^^^^^^^^^^^^^^^^^^^^^"
[1] "Improving..."
[1] "Shifting up..."
[1] "Up done..."
[1] "Shifting down..."
[1] "Down done..."
[1] "Shifting up..."
[1] "Up done..."
[1] "Shifting down..."
[1] "Down done..."
[1] "Improving complete..."
[1] "Dropping..."
[1] "Dropped..."
[1] "Exchanging..."
[1] "Locating maximum residual......"
[1] "Maximum residual found..."
[1] "Moving knot..."
[1] "Knot moved..."
[1] "Exchanging done..."
[1] "Improving..."
[1] "Shifting up..."
[1] "Up done..."
[1] "Shifting down..."
[1] "Down done..."
[1] "Shifting up..."
[1] "Up done..."
[1] "Shifting down..."
[1] "Down done..."
[1] "Improving complete..."
[1] "Dropping..."
[1] "Dropped..."
[1] "And we're done..."
